
28/09/2022 14:46:08
SamFirm v0.5.0
Could not fetch info for SM-J600G/INU. Please verify the input or use manual info
Could not fetch info for SM-J600G/INU. Please verify the input or use manual info
No file to download. Please check for update first.
Could not fetch info for SM-J600G/INU. Please verify the input or use manual info
Could not fetch info for SM-J600G/INU. Please verify the input or use manual info
No file to download. Please check for update first.
Could not fetch info for SM-J600G/INU. Please verify the input or use manual info
No file to download. Please check for update first.
Could not fetch info for SM-J600L/INU. Please verify the input or use manual info
No file to download. Please check for update first.


28/09/2022 15:13:31
SamFirm v0.5.0
Could not fetch info for SM-J600L/INU. Please verify the input or use manual info
No file to download. Please check for update first.
Could not fetch info for SM-J600L/INU. Please verify the input or use manual info
Error: Please specify a region
Could not fetch info for SM-J600L/SKC. Please verify the input or use manual info
Checking firmware for SM-J600L/LUC/J600LKLS5CUL1/J600LLUC5CUL1/J600LKLS5CUL1/J600LKLS5CUL1
Error loading library: 14001
Please make sure "Microsoft Visual C++ 2008 Redistributable Package (x86)" and "Microsoft Visual C++ 2010 Redistributable Package (x86)" are installed
Error: Could not send BinaryInform. Status code 200/401
    Authorization failed
Checking firmware for SM-J600L/LUC/J600LKLS5CTI1/J600LLUC5CTI1/J600LKLS5CTI1/J600LKLS5CTI1
Error loading library: 14001
Please make sure "Microsoft Visual C++ 2008 Redistributable Package (x86)" and "Microsoft Visual C++ 2010 Redistributable Package (x86)" are installed
Error: Could not send BinaryInform. Status code 200/401
    Authorization failed
Could not fetch info for SM-J600L/LUC. Please verify the input or use manual info
No file to download. Please check for update first.
Checking firmware for SM-J600L/LUC/J600LKLS5CUL1/J600LLUC5CUL1/J600LKLS5CUL1/J600LKLS5CUL1
Error loading library: 14001
Please make sure "Microsoft Visual C++ 2008 Redistributable Package (x86)" and "Microsoft Visual C++ 2010 Redistributable Package (x86)" are installed
Error: Could not send BinaryInform. Status code 200/401
    Authorization failed
Checking firmware for SM-J600L/LUC/J600LKLS5CTI1/J600LLUC5CTI1/J600LKLS5CTI1/J600LKLS5CTI1
Error loading library: 14001
Please make sure "Microsoft Visual C++ 2008 Redistributable Package (x86)" and "Microsoft Visual C++ 2010 Redistributable Package (x86)" are installed
Error: Could not send BinaryInform. Status code 200/401
    Authorization failed
Could not fetch info for SM-J600L/LUC. Please verify the input or use manual info
No file to download. Please check for update first.
No file to download. Please check for update first.
Checking firmware for SM-J600L/LUC/J600LKLS5CUL1/J600LLUC5CUL1/J600LKLS5CUL1/J600LKLS5CUL1
Error loading library: 14001
Please make sure "Microsoft Visual C++ 2008 Redistributable Package (x86)" and "Microsoft Visual C++ 2010 Redistributable Package (x86)" are installed
Error: Could not send BinaryInform. Status code 200/401
    Authorization failed
Checking firmware for SM-J600L/LUC/J600LKLS5CTI1/J600LLUC5CTI1/J600LKLS5CTI1/J600LKLS5CTI1
Error loading library: 14001
Please make sure "Microsoft Visual C++ 2008 Redistributable Package (x86)" and "Microsoft Visual C++ 2010 Redistributable Package (x86)" are installed
Error: Could not send BinaryInform. Status code 200/401
    Authorization failed
Could not fetch info for SM-J600L/LUC. Please verify the input or use manual info
No file to download. Please check for update first.
No file to download. Please check for update first.
No file to download. Please check for update first.
No file to download. Please check for update first.


28/09/2022 16:09:41
SamFirm v0.5.0

